[2026-01-30T14:10:56.213822] [unknown] [write_file] [write] [success] src/server.ts | 28 lines
[2026-01-30T14:10:58.449862] [unknown] [write_file] [write] [success] src/models/event.ts | 15 lines
[2026-01-30T14:11:01.263187] [unknown] [write_file] [write] [success] src/routes/events.ts | 26 lines
[2026-01-30T14:11:07.469460] [unknown] [write_file] [write] [success] tests/test_events_endpoint.py | 33 lines
[2026-01-30T14:12:44.326883] [unknown] [write_file] [write] [success] package.json | 22 lines
[2026-01-30T14:30:29.224620] [unknown] [write_file] [overwrite] [success] tests/test_events_endpoint.py | 32 lines
[2026-01-30T14:32:16.304276] [unknown] [write_file] [write] [success] tests/test_events.py | 28 lines
[2026-01-30T14:32:30.661175] [unknown] [delete_file] [delete] [success] tests/test_events.py
[2026-01-30T14:32:33.856793] [unknown] [write_file] [write] [success] tests/events.test.ts | 28 lines
[2026-01-30T14:32:41.426030] [unknown] [write_file] [write] [success] jest.config.js | 9 lines
[2026-01-30T14:35:19.213731] [unknown] [write_file] [write] [success] tests/test_events.py | 26 lines
[2026-01-30T14:35:34.077367] [unknown] [write_file] [overwrite] [success] jest.config.js | 14 lines
[2026-01-30T14:35:43.054422] [unknown] [write_file] [write] [success] tsconfig.json | 14 lines
[2026-01-30T14:36:40.420637] [unknown] [write_file] [write] [success] tests/test_events_endpoint.ts | 50 lines
[2026-01-30T14:37:26.696355] [unknown] [write_file] [overwrite] [success] jest.config.js | 14 lines
[2026-01-30T14:38:01.778862] [unknown] [delete_file] [delete] [success] tests/events.test.ts
[2026-01-30T14:38:50.954510] [unknown] [write_file] [overwrite] [success] tests/test_events_endpoint.ts | 42 lines
[2026-01-30T14:38:56.543886] [unknown] [move_file] [rename] [success] tests/test_events_endpoint.ts → tests/test_events_endpoint.test.ts
[2026-01-30T14:39:02.815879] [unknown] [write_file] [overwrite] [success] tsconfig.json | 14 lines
[2026-01-30T14:48:26.844370] [unknown] [write_file] [overwrite] [success] tsconfig.json | 14 lines
[2026-01-30T14:49:17.775524] [unknown] [write_file] [overwrite] [success] jest.config.js | 14 lines
[2026-01-30T14:56:56.589925] [unknown] [write_file] [write] [success] event-storming-ui/package.json | 22 lines
[2026-01-30T14:56:57.958988] [unknown] [write_file] [write] [success] event-storming-ui/vite.config.ts | 9 lines
[2026-01-30T14:56:59.237337] [unknown] [write_file] [write] [success] event-storming-ui/tailwind.config.js | 10 lines
[2026-01-30T14:57:00.302276] [unknown] [write_file] [write] [success] event-storming-ui/postcss.config.js | 6 lines
[2026-01-30T14:57:02.139938] [unknown] [write_file] [write] [success] event-storming-ui/src/index.html | 13 lines
[2026-01-30T14:57:03.470024] [unknown] [write_file] [write] [success] event-storming-ui/src/index.css | 3 lines
[2026-01-30T14:57:05.884102] [unknown] [write_file] [write] [success] event-storming-ui/src/main.tsx | 14 lines
